<?xml version="1.0" encoding="UTF-8"?><testsuite errors="0" failures="0" name="com.req.res.userinfo.UserCurdTest" skipped="0" tests="4" time="54.15" timestamp="2020-05-20T13:58:00.668+01:00[Europe/London]"><testcase classname="com.req.res.userinfo.UserCurdTest" name="This test will create a new user"/><testcase classname="com.req.res.userinfo.UserCurdTest" name="This test will Verify an existing user of the application"/><testcase classname="com.req.res.userinfo.UserCurdTest" name="This test will Update a user"/><testcase classname="com.req.res.userinfo.UserCurdTest" name="This test will Delete a user"/></testsuite>